Warning[205] C:\USERS\EDU\DESKTOP\RELOJ_DIGITAL_PIC16F877_ASM\RELOJ.ASM 3 : Found directive in column 1. (include)
Message[301] C:\PROGRAM FILES (X86)\MICROCHIP\MPASM SUITE\P16F877.INC 33 : MESSAGE: (Processor-header file mismatch.  Verify selected processor.)
Warning[205] C:\USERS\EDU\DESKTOP\RELOJ_DIGITAL_PIC16F877_ASM\RELOJ.ASM 7 : Found directive in column 1. (CBLOCK)
Warning[205] C:\USERS\EDU\DESKTOP\RELOJ_DIGITAL_PIC16F877_ASM\RELOJ.ASM 23 : Found directive in column 1. (ENDC)
Warning[205] C:\USERS\EDU\DESKTOP\RELOJ_DIGITAL_PIC16F877_ASM\RELOJ.ASM 25 : Found directive in column 1. (ORG)
Warning[205] C:\USERS\EDU\DESKTOP\RELOJ_DIGITAL_PIC16F877_ASM\RELOJ.ASM 28 : Found directive in column 1. (ORG)
Warning[205] C:\USERS\EDU\DESKTOP\RELOJ_DIGITAL_PIC16F877_ASM\RELOJ.ASM 32 : Found directive in column 1. (ORG)
Message[302] C:\USERS\EDU\DESKTOP\RELOJ_DIGITAL_PIC16F877_ASM\RELOJ.ASM 57 : Register in operand not in bank 0.  Ensure that bank bits are correct.
Message[302] C:\USERS\EDU\DESKTOP\RELOJ_DIGITAL_PIC16F877_ASM\RELOJ.ASM 58 : Register in operand not in bank 0.  Ensure that bank bits are correct.
Message[302] C:\USERS\EDU\DESKTOP\RELOJ_DIGITAL_PIC16F877_ASM\RELOJ.ASM 59 : Register in operand not in bank 0.  Ensure that bank bits are correct.
Message[305] C:\USERS\EDU\DESKTOP\RELOJ_DIGITAL_PIC16F877_ASM\RELOJ.ASM 60 : Using default destination of 1 (file).
Message[302] C:\USERS\EDU\DESKTOP\RELOJ_DIGITAL_PIC16F877_ASM\RELOJ.ASM 60 : Register in operand not in bank 0.  Ensure that bank bits are correct.
Message[302] C:\USERS\EDU\DESKTOP\RELOJ_DIGITAL_PIC16F877_ASM\RELOJ.ASM 62 : Register in operand not in bank 0.  Ensure that bank bits are correct.
Message[302] C:\USERS\EDU\DESKTOP\RELOJ_DIGITAL_PIC16F877_ASM\RELOJ.ASM 63 : Register in operand not in bank 0.  Ensure that bank bits are correct.
Message[302] C:\USERS\EDU\DESKTOP\RELOJ_DIGITAL_PIC16F877_ASM\RELOJ.ASM 65 : Register in operand not in bank 0.  Ensure that bank bits are correct.
Message[302] C:\USERS\EDU\DESKTOP\RELOJ_DIGITAL_PIC16F877_ASM\RELOJ.ASM 66 : Register in operand not in bank 0.  Ensure that bank bits are correct.
Message[302] C:\USERS\EDU\DESKTOP\RELOJ_DIGITAL_PIC16F877_ASM\RELOJ.ASM 67 : Register in operand not in bank 0.  Ensure that bank bits are correct.
Message[305] C:\USERS\EDU\DESKTOP\RELOJ_DIGITAL_PIC16F877_ASM\RELOJ.ASM 84 : Using default destination of 1 (file).
Warning[207] C:\USERS\EDU\DESKTOP\RELOJ_DIGITAL_PIC16F877_ASM\RELOJ.ASM 107 : Found label after column 1. (Infinite_loop)
Warning[207] C:\USERS\EDU\DESKTOP\RELOJ_DIGITAL_PIC16F877_ASM\RELOJ.ASM 113 : Found label after column 1. (TABLA)
Warning[207] C:\USERS\EDU\DESKTOP\RELOJ_DIGITAL_PIC16F877_ASM\RELOJ.ASM 127 : Found label after column 1. (Interrupt_handler)
Warning[207] C:\USERS\EDU\DESKTOP\RELOJ_DIGITAL_PIC16F877_ASM\RELOJ.ASM 133 : Found label after column 1. (Retorno)
Warning[207] C:\USERS\EDU\DESKTOP\RELOJ_DIGITAL_PIC16F877_ASM\RELOJ.ASM 138 : Found label after column 1. (Timer0_Interrupt)
Warning[207] C:\USERS\EDU\DESKTOP\RELOJ_DIGITAL_PIC16F877_ASM\RELOJ.ASM 141 : Found label after column 1. (Retornar_Rutina_Contador_500)
Warning[207] C:\USERS\EDU\DESKTOP\RELOJ_DIGITAL_PIC16F877_ASM\RELOJ.ASM 143 : Found label after column 1. (Retornar_Refresh)
Warning[207] C:\USERS\EDU\DESKTOP\RELOJ_DIGITAL_PIC16F877_ASM\RELOJ.ASM 151 : Found label after column 1. (Button_Interrupt)
Warning[207] C:\USERS\EDU\DESKTOP\RELOJ_DIGITAL_PIC16F877_ASM\RELOJ.ASM 154 : Found label after column 1. (MODO_CONFIGURACION)
Warning[207] C:\USERS\EDU\DESKTOP\RELOJ_DIGITAL_PIC16F877_ASM\RELOJ.ASM 162 : Found label after column 1. (Retornar_Refresh_Button)
Warning[207] C:\USERS\EDU\DESKTOP\RELOJ_DIGITAL_PIC16F877_ASM\RELOJ.ASM 166 : Found label after column 1. (RETURN_RESET_CONTROL)
Warning[207] C:\USERS\EDU\DESKTOP\RELOJ_DIGITAL_PIC16F877_ASM\RELOJ.ASM 170 : Found label after column 1. (End_Button_Second_Logic)
Warning[207] C:\USERS\EDU\DESKTOP\RELOJ_DIGITAL_PIC16F877_ASM\RELOJ.ASM 174 : Found label after column 1. (End_Button_Minute_Logic)
Warning[207] C:\USERS\EDU\DESKTOP\RELOJ_DIGITAL_PIC16F877_ASM\RELOJ.ASM 178 : Found label after column 1. (End_Button_Hour_Logic)
Warning[207] C:\USERS\EDU\DESKTOP\RELOJ_DIGITAL_PIC16F877_ASM\RELOJ.ASM 181 : Found label after column 1. (FIN_MODO_CONFIGURACION)
Warning[207] C:\USERS\EDU\DESKTOP\RELOJ_DIGITAL_PIC16F877_ASM\RELOJ.ASM 185 : Found label after column 1. (RESET_CONTROL_BOTON)
Warning[207] C:\USERS\EDU\DESKTOP\RELOJ_DIGITAL_PIC16F877_ASM\RELOJ.ASM 195 : Found label after column 1. (Button_Plus_Second)
Message[305] C:\USERS\EDU\DESKTOP\RELOJ_DIGITAL_PIC16F877_ASM\RELOJ.ASM 207 : Using default destination of 1 (file).
Warning[207] C:\USERS\EDU\DESKTOP\RELOJ_DIGITAL_PIC16F877_ASM\RELOJ.ASM 210 : Found label after column 1. (Button_Plus_Second_2)
Message[305] C:\USERS\EDU\DESKTOP\RELOJ_DIGITAL_PIC16F877_ASM\RELOJ.ASM 217 : Using default destination of 1 (file).
Warning[207] C:\USERS\EDU\DESKTOP\RELOJ_DIGITAL_PIC16F877_ASM\RELOJ.ASM 220 : Found label after column 1. (Reset_SD)
Warning[207] C:\USERS\EDU\DESKTOP\RELOJ_DIGITAL_PIC16F877_ASM\RELOJ.ASM 225 : Found label after column 1. (Button_Plus_Minute)
Message[305] C:\USERS\EDU\DESKTOP\RELOJ_DIGITAL_PIC16F877_ASM\RELOJ.ASM 236 : Using default destination of 1 (file).
Warning[207] C:\USERS\EDU\DESKTOP\RELOJ_DIGITAL_PIC16F877_ASM\RELOJ.ASM 239 : Found label after column 1. (Button_Plus_Minute_2)
Message[305] C:\USERS\EDU\DESKTOP\RELOJ_DIGITAL_PIC16F877_ASM\RELOJ.ASM 246 : Using default destination of 1 (file).
Warning[207] C:\USERS\EDU\DESKTOP\RELOJ_DIGITAL_PIC16F877_ASM\RELOJ.ASM 249 : Found label after column 1. (Reset_MD)
Warning[207] C:\USERS\EDU\DESKTOP\RELOJ_DIGITAL_PIC16F877_ASM\RELOJ.ASM 254 : Found label after column 1. (Button_Plus_Hour)
Message[305] C:\USERS\EDU\DESKTOP\RELOJ_DIGITAL_PIC16F877_ASM\RELOJ.ASM 269 : Using default destination of 1 (file).
Warning[207] C:\USERS\EDU\DESKTOP\RELOJ_DIGITAL_PIC16F877_ASM\RELOJ.ASM 272 : Found label after column 1. (Button_Plus_Hour_9HU)
Message[305] C:\USERS\EDU\DESKTOP\RELOJ_DIGITAL_PIC16F877_ASM\RELOJ.ASM 275 : Using default destination of 1 (file).
Warning[207] C:\USERS\EDU\DESKTOP\RELOJ_DIGITAL_PIC16F877_ASM\RELOJ.ASM 278 : Found label after column 1. (Button_Plus_Hour_2HD)
Message[305] C:\USERS\EDU\DESKTOP\RELOJ_DIGITAL_PIC16F877_ASM\RELOJ.ASM 283 : Using default destination of 1 (file).
Warning[207] C:\USERS\EDU\DESKTOP\RELOJ_DIGITAL_PIC16F877_ASM\RELOJ.ASM 286 : Found label after column 1. (Button_Plus_Hour_2HD_3HU)
Warning[207] C:\USERS\EDU\DESKTOP\RELOJ_DIGITAL_PIC16F877_ASM\RELOJ.ASM 292 : Found label after column 1. (Rutina_Contador_500)
Message[305] C:\USERS\EDU\DESKTOP\RELOJ_DIGITAL_PIC16F877_ASM\RELOJ.ASM 296 : Using default destination of 1 (file).
Warning[207] C:\USERS\EDU\DESKTOP\RELOJ_DIGITAL_PIC16F877_ASM\RELOJ.ASM 299 : Found label after column 1. (Rutina_Contador_500_P2)
Message[305] C:\USERS\EDU\DESKTOP\RELOJ_DIGITAL_PIC16F877_ASM\RELOJ.ASM 303 : Using default destination of 1 (file).
Warning[207] C:\USERS\EDU\DESKTOP\RELOJ_DIGITAL_PIC16F877_ASM\RELOJ.ASM 306 : Found label after column 1. (Time_Increase)
Message[305] C:\USERS\EDU\DESKTOP\RELOJ_DIGITAL_PIC16F877_ASM\RELOJ.ASM 317 : Using default destination of 1 (file).
Warning[207] C:\USERS\EDU\DESKTOP\RELOJ_DIGITAL_PIC16F877_ASM\RELOJ.ASM 318 : Found label after column 1. (End_Time_Logic)
Warning[207] C:\USERS\EDU\DESKTOP\RELOJ_DIGITAL_PIC16F877_ASM\RELOJ.ASM 322 : Found label after column 1. (CONTINUAR_SD)
Message[305] C:\USERS\EDU\DESKTOP\RELOJ_DIGITAL_PIC16F877_ASM\RELOJ.ASM 329 : Using default destination of 1 (file).
Warning[207] C:\USERS\EDU\DESKTOP\RELOJ_DIGITAL_PIC16F877_ASM\RELOJ.ASM 332 : Found label after column 1. (CONTINUAR_MU)
Message[305] C:\USERS\EDU\DESKTOP\RELOJ_DIGITAL_PIC16F877_ASM\RELOJ.ASM 339 : Using default destination of 1 (file).
Warning[207] C:\USERS\EDU\DESKTOP\RELOJ_DIGITAL_PIC16F877_ASM\RELOJ.ASM 342 : Found label after column 1. (CONTINUAR_MD)
Message[305] C:\USERS\EDU\DESKTOP\RELOJ_DIGITAL_PIC16F877_ASM\RELOJ.ASM 349 : Using default destination of 1 (file).
Warning[207] C:\USERS\EDU\DESKTOP\RELOJ_DIGITAL_PIC16F877_ASM\RELOJ.ASM 352 : Found label after column 1. (CONTINUAR_HU)
Message[305] C:\USERS\EDU\DESKTOP\RELOJ_DIGITAL_PIC16F877_ASM\RELOJ.ASM 363 : Using default destination of 1 (file).
Warning[207] C:\USERS\EDU\DESKTOP\RELOJ_DIGITAL_PIC16F877_ASM\RELOJ.ASM 366 : Found label after column 1. (CONTINUAR_9HU)
Message[305] C:\USERS\EDU\DESKTOP\RELOJ_DIGITAL_PIC16F877_ASM\RELOJ.ASM 369 : Using default destination of 1 (file).
Warning[207] C:\USERS\EDU\DESKTOP\RELOJ_DIGITAL_PIC16F877_ASM\RELOJ.ASM 372 : Found label after column 1. (CONTINUAR_2HD)
Message[305] C:\USERS\EDU\DESKTOP\RELOJ_DIGITAL_PIC16F877_ASM\RELOJ.ASM 377 : Using default destination of 1 (file).
Warning[207] C:\USERS\EDU\DESKTOP\RELOJ_DIGITAL_PIC16F877_ASM\RELOJ.ASM 380 : Found label after column 1. (CONTINUAR_2HD_3HU)
Warning[207] C:\USERS\EDU\DESKTOP\RELOJ_DIGITAL_PIC16F877_ASM\RELOJ.ASM 386 : Found label after column 1. (Refresh)
Warning[207] C:\USERS\EDU\DESKTOP\RELOJ_DIGITAL_PIC16F877_ASM\RELOJ.ASM 400 : Found label after column 1. (Cambiar_Display0)
Warning[207] C:\USERS\EDU\DESKTOP\RELOJ_DIGITAL_PIC16F877_ASM\RELOJ.ASM 412 : Found label after column 1. (Cambiar_Display1)
Warning[207] C:\USERS\EDU\DESKTOP\RELOJ_DIGITAL_PIC16F877_ASM\RELOJ.ASM 425 : Found label after column 1. (Cambiar_Display2)
Warning[207] C:\USERS\EDU\DESKTOP\RELOJ_DIGITAL_PIC16F877_ASM\RELOJ.ASM 437 : Found label after column 1. (Cambiar_Display3)
Warning[207] C:\USERS\EDU\DESKTOP\RELOJ_DIGITAL_PIC16F877_ASM\RELOJ.ASM 450 : Found label after column 1. (Cambiar_Display4)
Warning[207] C:\USERS\EDU\DESKTOP\RELOJ_DIGITAL_PIC16F877_ASM\RELOJ.ASM 462 : Found label after column 1. (Cambiar_Display5)
Warning[205] C:\USERS\EDU\DESKTOP\RELOJ_DIGITAL_PIC16F877_ASM\RELOJ.ASM 474 : Found directive in column 1. (END)
